{"C:\\Users\\TuanTQ\\Desktop\\javascript\\js-lab\\check-exits.js": {"path":"C:\\Users\\TuanTQ\\Desktop\\javascript\\js-lab\\check-exits.js","statementMap":{"0":{"start":{"line":2,"column":2},"end":{"line":2,"column":74}},"1":{"start":{"line":2,"column":61},"end":{"line":2,"column":74}},"2":{"start":{"line":4,"column":2},"end":{"line":6,"column":3}},"3":{"start":{"line":4,"column":15},"end":{"line":4,"column":16}},"4":{"start":{"line":5,"column":4},"end":{"line":5,"column":46}},"5":{"start":{"line":5,"column":33},"end":{"line":5,"column":46}},"6":{"start":{"line":8,"column":2},"end":{"line":8,"column":14}}},"fnMap":{"0":{"name":"checkIfAllEven","decl":{"start":{"line":1,"column":16},"end":{"line":1,"column":30}},"loc":{"start":{"line":1,"column":43},"end":{"line":9,"column":1}},"line":1}},"branchMap":{"0":{"loc":{"start":{"line":2,"column":2},"end":{"line":2,"column":74}},"type":"if","locations":[{"start":{"line":2,"column":2},"end":{"line":2,"column":74}},{"start":{},"end":{}}],"line":2},"1":{"loc":{"start":{"line":2,"column":6},"end":{"line":2,"column":59}},"type":"binary-expr","locations":[{"start":{"line":2,"column":6},"end":{"line":2,"column":32}},{"start":{"line":2,"column":36},"end":{"line":2,"column":59}}],"line":2},"2":{"loc":{"start":{"line":5,"column":4},"end":{"line":5,"column":46}},"type":"if","locations":[{"start":{"line":5,"column":4},"end":{"line":5,"column":46}},{"start":{},"end":{}}],"line":5}},"s":{"0":9,"1":6,"2":3,"3":3,"4":11,"5":2,"6":1},"f":{"0":9},"b":{"0":[6,3],"1":[9,4],"2":[2,9]},"_coverageSchema":"1a1c01bbd47fc00a2c39e90264f33305004495a9","hash":"d39915a5cdabcf745c5e58c53753348d9f86b0bc"}
}
